<?xml version="1.0" encoding="UTF-8"?>
<!-- Generated by org.testng.reporters.JUnitReportReporter -->
<testsuite skipped="0" hostname="Afsanas-MacBook-Pro.local" name="test_register.Gropping" tests="3" failures="0" timestamp="2020-08-25T21:04:27 EDT" time="0.008" errors="0">
  <testcase name="loginTest" time="0.006" classname="test_register.Gropping"/>
  <system-out/>
  <testcase name="loginWithFacebook" time="0.001" classname="test_register.Gropping"/>
  <system-out/>
  <testcase name="signUp" time="0.001" classname="test_register.Gropping"/>
  <system-out/>
</testsuite> <!-- test_register.Gropping -->
