<?xml version="1.0" encoding="UTF-8"?>
<!-- Generated by org.testng.reporters.JUnitReportReporter -->
<testsuite hostname="DESKTOP-PFUQSED" name="test_register.NewRegisterTest" tests="2" failures="0" timestamp="2 Aug 2020 17:11:59 GMT" time="24.694" errors="0">
  <testcase name="registerWithNewEmailTest" time="14.440" classname="test_register.NewRegisterTest"/>
  <testcase name="registerWithNewEmailTest" time="10.254" classname="test_register.NewRegisterTest"/>
</testsuite> <!-- test_register.NewRegisterTest -->
