<?xml version="1.0" encoding="UTF-8"?>
<!-- Generated by org.testng.reporters.JUnitReportReporter -->
<testsuite hostname="DESKTOP-PFUQSED" name="test_signIn.VerifyUserFullName" tests="2" failures="0" timestamp="2 Aug 2020 17:11:59 GMT" time="55.532" errors="0">
  <testcase name="userFullNameTest" time="26.847" classname="test_signIn.VerifyUserFullName"/>
  <testcase name="userFullNameTest" time="28.685" classname="test_signIn.VerifyUserFullName"/>
</testsuite> <!-- test_signIn.VerifyUserFullName -->
